2026-05-11 19:38:25,351 - INFO - ============================================================
2026-05-11 19:38:25,466 - INFO - DÉMARRAGE DU PIPELINE ETL MEXORA
2026-05-11 19:38:25,556 - INFO - ============================================================
2026-05-11 19:38:25,658 - INFO - --- PHASE EXTRACT ---
2026-05-11 19:38:26,074 - INFO - [EXTRACT] Commandes: 51500 lignes extraites depuis mexora_etl/data\commandes_mexora.csv
2026-05-11 19:38:26,168 - INFO - [EXTRACT] Produits: 100 lignes extraites depuis mexora_etl/data\produits_mexora.json
2026-05-11 19:38:26,268 - INFO - [EXTRACT] Clients: 5050 lignes extraites depuis mexora_etl/data\clients_mexora.csv
2026-05-11 19:38:26,343 - INFO - [EXTRACT] Régions: 8 lignes extraites depuis mexora_etl/data\regions_maroc.csv
2026-05-11 19:38:26,429 - INFO - --- PHASE TRANSFORM ---
2026-05-11 19:38:26,522 - INFO - [TRANSFORM] R1 doublons: 1500 lignes supprimées
2026-05-11 19:38:30,217 - INFO - [TRANSFORM] R2 dates: 0 dates invalides supprimées
2026-05-11 19:38:31,628 - INFO - [TRANSFORM] R5 quantités: 477 lignes supprimées (quantité <= 0)
2026-05-11 19:38:31,845 - INFO - [TRANSFORM] R6 prix: 2429 commandes test supprimées
2026-05-11 19:38:31,925 - INFO - [TRANSFORM] R7 livreurs: 3303 valeurs manquantes remplacées par -1
2026-05-11 19:38:31,995 - INFO - [TRANSFORM] Commandes final: 47094 lignes
2026-05-11 19:38:32,122 - INFO - [TRANSFORM] R1 déduplication clients: 75 doublons supprimés
2026-05-11 19:38:32,233 - INFO - [TRANSFORM] Clients final: 4975 lignes
2026-05-11 19:38:32,307 - INFO - [TRANSFORM] Produits final: 100 lignes
2026-05-11 19:38:32,408 - INFO - --- CONSTRUCTION DES DIMENSIONS ---
2026-05-11 19:38:32,548 - INFO - --- CONSTRUCTION DE LA TABLE DE FAITS ---
2026-05-11 19:38:33,548 - INFO - --- PHASE LOAD ---
2026-05-11 19:38:36,478 - ERROR - Erreur lors du chargement de dim_temps: (psycopg2.OperationalError) connection to server at "localhost" (::1), port 5432 failed: FATAL:  password authentication failed for user "postgres"

(Background on this error at: https://sqlalche.me/e/20/e3q8)
2026-05-11 19:38:36,733 - ERROR - Erreur lors du chargement de dim_region: (psycopg2.OperationalError) connection to server at "localhost" (::1), port 5432 failed: FATAL:  password authentication failed for user "postgres"

(Background on this error at: https://sqlalche.me/e/20/e3q8)
2026-05-11 19:38:36,987 - ERROR - Erreur lors du chargement de dim_livreur: (psycopg2.OperationalError) connection to server at "localhost" (::1), port 5432 failed: FATAL:  password authentication failed for user "postgres"

(Background on this error at: https://sqlalche.me/e/20/e3q8)
2026-05-11 19:38:37,258 - ERROR - Erreur lors du chargement de dim_client: (psycopg2.OperationalError) connection to server at "localhost" (::1), port 5432 failed: FATAL:  password authentication failed for user "postgres"

(Background on this error at: https://sqlalche.me/e/20/e3q8)
2026-05-11 19:38:37,523 - ERROR - Erreur lors du chargement de dim_produit: (psycopg2.OperationalError) connection to server at "localhost" (::1), port 5432 failed: FATAL:  password authentication failed for user "postgres"

(Background on this error at: https://sqlalche.me/e/20/e3q8)
2026-05-11 19:38:37,798 - ERROR - Erreur lors du chargement de fait_ventes: (psycopg2.OperationalError) connection to server at "localhost" (::1), port 5432 failed: FATAL:  password authentication failed for user "postgres"

(Background on this error at: https://sqlalche.me/e/20/e3q8)
2026-05-11 19:38:37,848 - INFO - Chargement terminé avec succčs dans PostgreSQL
2026-05-11 19:38:37,918 - INFO - ============================================================
2026-05-11 19:38:37,999 - INFO - PIPELINE TERMINÉ EN 0:00:12.567153
2026-05-11 19:38:38,066 - INFO - ============================================================
