2026-05-11 20:52:36,797 - INFO - ============================================================
2026-05-11 20:52:36,799 - INFO - DÉMARRAGE DU PIPELINE ETL MEXORA
2026-05-11 20:52:36,799 - INFO - ============================================================
2026-05-11 20:52:36,799 - INFO - --- PHASE EXTRACT ---
2026-05-11 20:52:36,912 - INFO - [EXTRACT] Commandes: 51500 lignes extraites depuis mexora_etl/data\commandes_mexora.csv
2026-05-11 20:52:36,916 - INFO - [EXTRACT] Produits: 100 lignes extraites depuis mexora_etl/data\produits_mexora.json
2026-05-11 20:52:36,932 - INFO - [EXTRACT] Clients: 5050 lignes extraites depuis mexora_etl/data\clients_mexora.csv
2026-05-11 20:52:36,934 - INFO - [EXTRACT] Régions: 8 lignes extraites depuis mexora_etl/data\regions_maroc.csv
2026-05-11 20:52:36,934 - INFO - --- PHASE TRANSFORM ---
2026-05-11 20:52:36,952 - INFO - [TRANSFORM] R1 doublons: 1500 lignes supprimées
2026-05-11 20:52:38,245 - INFO - [TRANSFORM] R2 dates: 0 dates invalides supprimées
2026-05-11 20:52:38,378 - INFO - [TRANSFORM] R5 quantités: 477 lignes supprimées (quantité <= 0)
2026-05-11 20:52:38,405 - INFO - [TRANSFORM] R6 prix: 2429 commandes test supprimées
2026-05-11 20:52:38,411 - INFO - [TRANSFORM] R7 livreurs: 3303 valeurs manquantes remplacées par -1
2026-05-11 20:52:38,411 - INFO - [TRANSFORM] Commandes final: 47094 lignes
2026-05-11 20:52:38,430 - INFO - [TRANSFORM] R1 déduplication clients: 75 doublons supprimés
2026-05-11 20:52:38,458 - INFO - [TRANSFORM] Clients final: 4975 lignes
2026-05-11 20:52:38,462 - INFO - [TRANSFORM] Produits final: 100 lignes
2026-05-11 20:52:38,495 - INFO - --- CONSTRUCTION DES DIMENSIONS ---
2026-05-11 20:52:38,525 - INFO - --- CONSTRUCTION DE LA TABLE DE FAITS ---
2026-05-11 20:52:38,831 - INFO - --- PHASE LOAD ---
2026-05-11 20:52:40,176 - ERROR - Erreur lors du chargement de dim_temps: (psycopg2.OperationalError) connection to server at "localhost" (::1), port 5432 failed: FATAL:  password authentication failed for user "postgres"

(Background on this error at: https://sqlalche.me/e/20/e3q8)
2026-05-11 20:52:40,215 - ERROR - Erreur lors du chargement de dim_region: (psycopg2.OperationalError) connection to server at "localhost" (::1), port 5432 failed: FATAL:  password authentication failed for user "postgres"

(Background on this error at: https://sqlalche.me/e/20/e3q8)
2026-05-11 20:52:40,260 - ERROR - Erreur lors du chargement de dim_livreur: (psycopg2.OperationalError) connection to server at "localhost" (::1), port 5432 failed: FATAL:  password authentication failed for user "postgres"

(Background on this error at: https://sqlalche.me/e/20/e3q8)
2026-05-11 20:52:40,301 - ERROR - Erreur lors du chargement de dim_client: (psycopg2.OperationalError) connection to server at "localhost" (::1), port 5432 failed: FATAL:  password authentication failed for user "postgres"

(Background on this error at: https://sqlalche.me/e/20/e3q8)
2026-05-11 20:52:40,343 - ERROR - Erreur lors du chargement de dim_produit: (psycopg2.OperationalError) connection to server at "localhost" (::1), port 5432 failed: FATAL:  password authentication failed for user "postgres"

(Background on this error at: https://sqlalche.me/e/20/e3q8)
2026-05-11 20:52:40,384 - ERROR - Erreur lors du chargement de fait_ventes: (psycopg2.OperationalError) connection to server at "localhost" (::1), port 5432 failed: FATAL:  password authentication failed for user "postgres"

(Background on this error at: https://sqlalche.me/e/20/e3q8)
2026-05-11 20:52:40,385 - INFO - Chargement terminé avec succčs dans PostgreSQL
2026-05-11 20:52:40,388 - INFO - ============================================================
2026-05-11 20:52:40,389 - INFO - PIPELINE TERMINÉ EN 0:00:03.590457
2026-05-11 20:52:40,390 - INFO - ============================================================
